Arguments: 
  /usr/local/Cellar/node/17.2.0/bin/node /usr/local/bin/yarn

PATH: 
  /usr/local/bin:/usr/local/sbin:/bin:/usr/local/bin:/usr/bin:/bin:/usr/sbin:/sbin:/usr/local/share/dotnet:~/.dotnet/tools:/Library/Frameworks/Mono.framework/Versions/Current/Commands:/usr/local/sbin:/Library/apache-maven-3.6.3/bin:/usr/local/mysql/bin:/usr/local/mongodb/bin:/Library/apache-maven-3.6.3/bin:/usr/local/mysql/bin:/usr/local/mongodb/bin

Yarn version: 
  1.22.10

Node version: 
  17.2.0

Platform: 
  darwin x64

Trace: 
  Error: https://registry.npmjs.org/@babel%2fruntime: ETIMEDOUT
      at Timeout._onTimeout (/usr/local/lib/node_modules/yarn/lib/cli.js:141322:19)
      at listOnTimeout (node:internal/timers:557:17)
      at processTimers (node:internal/timers:500:7)

npm manifest: 
  {
    "name": "course-appointment",
    "version": "1.0.0",
    "private": true,
    "description": "课程预约小程序",
    "templateInfo": {
      "name": "default",
      "typescript": true,
      "css": "sass"
    },
    "scripts": {
      "build:weapp": "taro build --type weapp",
      "build:swan": "taro build --type swan",
      "build:alipay": "taro build --type alipay",
      "build:tt": "taro build --type tt",
      "build:h5": "taro build --type h5",
      "build:rn": "taro build --type rn",
      "build:qq": "taro build --type qq",
      "build:jd": "taro build --type jd",
      "build:quickapp": "taro build --type quickapp",
      "dev:weapp": "npm run build:weapp -- --watch",
      "dev:swan": "npm run build:swan -- --watch",
      "dev:alipay": "npm run build:alipay -- --watch",
      "dev:tt": "npm run build:tt -- --watch",
      "dev:h5": "npm run build:h5 -- --watch",
      "dev:rn": "npm run build:rn -- --watch",
      "dev:qq": "npm run build:qq -- --watch",
      "dev:jd": "npm run build:jd -- --watch",
      "dev:quickapp": "npm run build:quickapp -- --watch"
    },
    "browserslist": [
      "last 3 versions",
      "Android >= 4.1",
      "ios >= 8"
    ],
    "author": "",
    "dependencies": {
      "@babel/runtime": "^7.7.7",
      "@tarojs/components": "3.4.2",
      "@tarojs/runtime": "3.4.2",
      "@tarojs/taro": "3.4.2",
      "@tarojs/plugin-framework-vue3": "3.4.2",
      "vue": "^3.0.0"
    },
    "devDependencies": {
      "@types/webpack-env": "^1.13.6",
      "@tarojs/mini-runner": "3.4.2",
      "@babel/core": "^7.8.0",
      "@tarojs/webpack-runner": "3.4.2",
      "babel-preset-taro": "3.4.2",
      "@vue/compiler-sfc": "^3.0.0",
      "vue-loader": "^16.0.0-beta.8",
      "eslint-plugin-vue": "^7.0.0",
      "eslint-config-taro": "3.4.2",
      "eslint": "^6.8.0",
      "stylelint": "^14.4.0",
      "@typescript-eslint/parser": "^4.15.1",
      "@typescript-eslint/eslint-plugin": "^4.15.1",
      "typescript": "^4.1.0"
    }
  }

yarn manifest: 
  No manifest

Lockfile: 
  No lockfile
